<?xml version="1.0" encoding="UTF-8"?>
<!-- Generated by org.testng.reporters.JUnitReportReporter -->
<testsuite skipped="0" hostname="LAPTOP-QFH1FE5G" name="com.CIBDigitalTech.TestCases.UserList" tests="1" failures="0" timestamp="07 Jul 2020 06:01:35 GMT" time="9.699" errors="0">
  <testcase name="userList" time="9.699" classname="com.CIBDigitalTech.TestCases.UserList"/>
</testsuite> <!-- com.CIBDigitalTech.TestCases.UserList -->
